<?xml version="1.0" encoding="UTF-8"?>
<!-- Generated by org.testng.reporters.JUnitReportReporter -->
<testsuite hostname="DESKTOP-FUOBAD1" failures="0" tests="3" name="com.sampleproject.testyantra.packagefordistributedExec.ClassForDitributedParallelExecTest3" time="0.009" errors="0" timestamp="2021-09-10T17:16:35 IST" skipped="0">
  <testcase classname="com.sampleproject.testyantra.packagefordistributedExec.ClassForDitributedParallelExecTest3" name="CreateProdWithCommRate" time="0.003"/>
  <system-out/>
  <testcase classname="com.sampleproject.testyantra.packagefordistributedExec.ClassForDitributedParallelExecTest3" name="CreateProd" time="0.004"/>
  <system-out/>
  <testcase classname="com.sampleproject.testyantra.packagefordistributedExec.ClassForDitributedParallelExecTest3" name="CreateProdWithPartNum" time="0.002"/>
  <system-out/>
</testsuite> <!-- com.sampleproject.testyantra.packagefordistributedExec.ClassForDitributedParallelExecTest3 -->
