<?xml version="1.0" encoding="UTF-8"?>
<!-- Generated by org.testng.reporters.JUnitReportReporter -->
<testsuite hostname="DESKTOP-FUOBAD1" failures="0" tests="3" name="com.sampleproject.testyantra.packagefordistributedExec.ClassForDitributedParallelExecTest" time="0.034" errors="0" timestamp="2021-09-10T17:16:34 IST" skipped="0">
  <testcase classname="com.sampleproject.testyantra.packagefordistributedExec.ClassForDitributedParallelExecTest" name="CreateProd" time="0.027"/>
  <system-out/>
  <testcase classname="com.sampleproject.testyantra.packagefordistributedExec.ClassForDitributedParallelExecTest" name="CreateProdWithPartNum" time="0.004"/>
  <system-out/>
  <testcase classname="com.sampleproject.testyantra.packagefordistributedExec.ClassForDitributedParallelExecTest" name="CreateProdWithCommRate" time="0.003"/>
  <system-out/>
</testsuite> <!-- com.sampleproject.testyantra.packagefordistributedExec.ClassForDitributedParallelExecTest -->
