<?xml version="1.0" encoding="UTF-8"?>
<!-- Generated by org.testng.reporters.JUnitReportReporter -->
<testsuite hostname="DESKTOP-FUOBAD1" failures="0" tests="6" name="com.sampleproject.testyantra.sampleTestcases.Sample1Test" time="0.027" errors="0" timestamp="2021-09-10T22:56:34 IST" skipped="0">
  <testcase classname="com.sampleproject.testyantra.sampleTestcases.Sample1Test" name="Program2Test" time="0.011"/>
  <system-out/>
  <testcase classname="com.sampleproject.testyantra.sampleTestcases.Sample1Test" name="Program3Test" time="0.003"/>
  <system-out/>
  <testcase classname="com.sampleproject.testyantra.sampleTestcases.Sample1Test" name="Program5Test" time="0.005"/>
  <system-out/>
  <testcase classname="com.sampleproject.testyantra.sampleTestcases.Sample1Test" name="Srogram4Test" time="0.002"/>
  <system-out/>
  <testcase classname="com.sampleproject.testyantra.sampleTestcases.Sample1Test" name="Program6Test" time="0.003"/>
  <system-out/>
  <testcase classname="com.sampleproject.testyantra.sampleTestcases.Sample1Test" name="Program1Test" time="0.003"/>
  <system-out/>
</testsuite> <!-- com.sampleproject.testyantra.sampleTestcases.Sample1Test -->
